<?xml version="1.0" encoding="UTF-8"?>
<!-- Generated by org.testng.reporters.JUnitReportReporter -->
<testsuite hostname="DESKTOP-YE7697D" failures="0" tests="2" name="testcases.TestCase1" time="9.330" errors="0" timestamp="2022-04-27T12:53:53 IST" skipped="0">
  <testcase classname="testcases.TestCase1" name="clickFundRaiser" time="5.826"/>
  <system-out/>
  <testcase classname="testcases.TestCase1" name="validatePageTitle" time="3.504"/>
  <system-out/>
</testsuite> <!-- testcases.TestCase1 -->
